<?xml version="1.0" encoding="UTF-8"?>
<!-- Generated by org.testng.reporters.JUnitReportReporter -->
<testsuite hostname="LHRLT-7489" failures="0" tests="1" name="com.ebanking.tesCases.TC_LoginPage_001" time="9.026" errors="0" timestamp="2022-06-16T00:22:25 PKT" skipped="0">
  <testcase classname="com.ebanking.tesCases.TC_LoginPage_001" name="loginTest" time="9.026"/>
  <system-out/>
</testsuite> <!-- com.ebanking.tesCases.TC_LoginPage_001 -->
