<?xml version="1.0" encoding="UTF-8"?>
<!-- Generated by org.testng.reporters.JUnitReportReporter -->
<testsuite hostname="LHRLT-7489" failures="0" tests="1" name="com.ebanking.testCases.TC_AddCustomer" time="29.274" errors="0" timestamp="2022-06-23T11:02:41 PKT" skipped="0">
  <testcase classname="com.ebanking.testCases.TC_AddCustomer" name="addCustomer" time="29.274"/>
  <system-out/>
</testsuite> <!-- com.ebanking.testCases.TC_AddCustomer -->
